<?xml version="1.0" encoding="UTF-8"?>
<testng-results skipped="0" failed="0" total="1" passed="1">
  <reporter-output>
  </reporter-output>
  <suite name="Default suite" duration-ms="49621" started-at="2016-10-19T05:25:49Z" finished-at="2016-10-19T05:26:39Z">
    <groups>
    </groups>
    <test name="Default test" duration-ms="49621" started-at="2016-10-19T05:25:49Z" finished-at="2016-10-19T05:26:39Z">
      <class name="com.demo.pagefactory.VerifyValidLogin">
        <test-method status="PASS" signature="checkvaliduser()[pri:0, instance:com.demo.pagefactory.VerifyValidLogin@17d0578]" name="checkvaliduser" duration-ms="49537" started-at="2016-10-19T10:55:49Z" finished-at="2016-10-19T10:56:39Z">
          <reporter-output>
          </reporter-output>
        </test-method> <!-- checkvaliduser -->
      </class> <!-- com.demo.pagefactory.VerifyValidLogin -->
    </test> <!-- Default test -->
  </suite> <!-- Default suite -->
</testng-results>
